app/build/intermediates/manifest_merge_blame_file/debug/processDebugMainManifest/manifest-merger-blame-debug-report.txt
1<?xml version="1.0" encoding="utf-8"?>
2<manifest xmlns:android="http://schemas.android.com/apk/res/android"
3    package="com.personal.timetracker"
4    android:versionCode="2"
5    android:versionName="1.1.0" >
6
7    <uses-sdk
8        android:minSdkVersion="26"
9        android:targetSdkVersion="34" />
10
11    <uses-permission android:name="android.permission.POST_NOTIFICATIONS" />
11-->src\main\AndroidManifest.xml:4:5-77
11-->src\main\AndroidManifest.xml:4:22-74
12    <uses-permission android:name="android.permission.INTERNET" />
12-->src\main\AndroidManifest.xml:5:5-67
12-->src\main\AndroidManifest.xml:5:22-64
13    <uses-permission android:name="android.permission.ACCESS_NETWORK_STATE" />
13-->src\main\AndroidManifest.xml:6:5-79
13-->src\main\AndroidManifest.xml:6:22-76
14    <uses-permission android:name="android.permission.SCHEDULE_EXACT_ALARM" />
14-->src\main\AndroidManifest.xml:7:5-79
14-->src\main\AndroidManifest.xml:7:22-76
15    <uses-permission android:name="android.permission.RECEIVE_BOOT_COMPLETED" />
15-->src\main\AndroidManifest.xml:8:5-81
15-->src\main\AndroidManifest.xml:8:22-78
16    <uses-permission android:name="android.permission.ACCESS_FINE_LOCATION" />
16-->src\main\AndroidManifest.xml:9:5-79
16-->src\main\AndroidManifest.xml:9:22-76
17    <uses-permission android:name="android.permission.ACCESS_COARSE_LOCATION" />
17-->src\main\AndroidManifest.xml:10:5-81
17-->src\main\AndroidManifest.xml:10:22-78
18    <uses-permission android:name="android.permission.ACCESS_BACKGROUND_LOCATION" />
18-->src\main\AndroidManifest.xml:11:5-85
18-->src\main\AndroidManifest.xml:11:22-82
19    <uses-permission android:name="android.permission.USE_BIOMETRIC" />
19-->src\main\AndroidManifest.xml:12:5-72
19-->src\main\AndroidManifest.xml:12:22-69
20    <uses-permission android:name="android.permission.USE_FINGERPRINT" />
20-->src\main\AndroidManifest.xml:13:5-74
20-->src\main\AndroidManifest.xml:13:22-71
21    <uses-permission android:name="android.permission.WAKE_LOCK" />
21-->[androidx.work:work-runtime:2.9.0] AndroidManifest.xml:23:5-68
21-->[androidx.work:work-runtime:2.9.0] AndroidManifest.xml:23:22-65
22    <uses-permission android:name="android.permission.FOREGROUND_SERVICE" />
22-->[androidx.work:work-runtime:2.9.0] AndroidManifest.xml:26:5-77
22-->[androidx.work:work-runtime:2.9.0] AndroidManifest.xml:26:22-74
23
24    <permission
24-->[androidx.core:core:1.13.1] AndroidManifest.xml:22:5-24:47
25        android:name="com.personal.timetracker.DYNAMIC_RECEIVER_NOT_EXPORTED_PERMISSION"
25-->[androidx.core:core:1.13.1] AndroidManifest.xml:23:9-81
26        android:protectionLevel="signature" />
26-->[androidx.core:core:1.13.1] AndroidManifest.xml:24:9-44
27
28    <uses-permission android:name="com.personal.timetracker.DYNAMIC_RECEIVER_NOT_EXPORTED_PERMISSION" />
28-->[androidx.core:core:1.13.1] AndroidManifest.xml:26:5-97
28-->[androidx.core:core:1.13.1] AndroidManifest.xml:26:22-94
29
30    <application
30-->src\main\AndroidManifest.xml:15:5-224:19
31        android:name="com.personal.timetracker.App"
31-->src\main\AndroidManifest.xml:16:9-28
32        android:allowBackup="true"
32-->src\main\AndroidManifest.xml:17:9-35
33        android:appComponentFactory="androidx.core.app.CoreComponentFactory"
33-->[androidx.core:core:1.13.1] AndroidManifest.xml:28:18-86
34        android:dataExtractionRules="@xml/data_extraction_rules"
34-->src\main\AndroidManifest.xml:18:9-65
35        android:debuggable="true"
36        android:extractNativeLibs="false"
37        android:fullBackupContent="@xml/backup_rules"
37-->src\main\AndroidManifest.xml:19:9-54
38        android:icon="@mipmap/ic_launcher"
38-->src\main\AndroidManifest.xml:20:9-43
39        android:label="@string/app_name"
39-->src\main\AndroidManifest.xml:22:9-41
40        android:networkSecurityConfig="@xml/network_security_config"
40-->src\main\AndroidManifest.xml:23:9-69
41        android:roundIcon="@mipmap/ic_launcher"
41-->src\main\AndroidManifest.xml:21:9-48
42        android:supportsRtl="true"
42-->src\main\AndroidManifest.xml:24:9-35
43        android:theme="@style/Theme.PersonalTimeTracker"
43-->src\main\AndroidManifest.xml:26:9-57
44        android:usesCleartextTraffic="false" >
44-->src\main\AndroidManifest.xml:25:9-45
45        <activity
45-->src\main\AndroidManifest.xml:28:9-32:58
46            android:name="com.personal.timetracker.ui.MainActivity"
46-->src\main\AndroidManifest.xml:29:13-44
47            android:exported="true"
47-->src\main\AndroidManifest.xml:30:13-36
48            android:launchMode="singleTop"
48-->src\main\AndroidManifest.xml:31:13-43
49            android:windowSoftInputMode="adjustResize" />
49-->src\main\AndroidManifest.xml:32:13-55
50
51        <activity-alias
51-->src\main\AndroidManifest.xml:164:9-176:26
52            android:name="com.personal.timetracker.ui.LauncherH10"
52-->src\main\AndroidManifest.xml:165:13-43
53            android:enabled="false"
53-->src\main\AndroidManifest.xml:166:13-36
54            android:exported="true"
54-->src\main\AndroidManifest.xml:167:13-36
55            android:icon="@mipmap/ic_launcher_h10"
55-->src\main\AndroidManifest.xml:168:13-51
56            android:label="@string/app_name"
56-->src\main\AndroidManifest.xml:170:13-45
57            android:roundIcon="@mipmap/ic_launcher_h10"
57-->src\main\AndroidManifest.xml:169:13-56
58            android:targetActivity="com.personal.timetracker.ui.MainActivity" >
58-->src\main\AndroidManifest.xml:171:13-54
59            <intent-filter>
59-->src\main\AndroidManifest.xml:42:13-45:29
60                <action android:name="android.intent.action.MAIN" />
60-->src\main\AndroidManifest.xml:43:17-69
60-->src\main\AndroidManifest.xml:43:25-66
61
62                <category android:name="android.intent.category.LAUNCHER" />
62-->src\main\AndroidManifest.xml:44:17-77
62-->src\main\AndroidManifest.xml:44:27-74
63            </intent-filter>
64        </activity-alias>
65        <activity-alias
65-->src\main\AndroidManifest.xml:151:9-163:26
66            android:name="com.personal.timetracker.ui.LauncherH9"
66-->src\main\AndroidManifest.xml:152:13-42
67            android:enabled="false"
67-->src\main\AndroidManifest.xml:153:13-36
68            android:exported="true"
68-->src\main\AndroidManifest.xml:154:13-36
69            android:icon="@mipmap/ic_launcher_h9"
69-->src\main\AndroidManifest.xml:155:13-50
70            android:label="@string/app_name"
70-->src\main\AndroidManifest.xml:157:13-45
71            android:roundIcon="@mipmap/ic_launcher_h9"
71-->src\main\AndroidManifest.xml:156:13-55
72            android:targetActivity="com.personal.timetracker.ui.MainActivity" >
72-->src\main\AndroidManifest.xml:158:13-54
73            <intent-filter>
73-->src\main\AndroidManifest.xml:42:13-45:29
74                <action android:name="android.intent.action.MAIN" />
74-->src\main\AndroidManifest.xml:43:17-69
74-->src\main\AndroidManifest.xml:43:25-66
75
76                <category android:name="android.intent.category.LAUNCHER" />
76-->src\main\AndroidManifest.xml:44:17-77
76-->src\main\AndroidManifest.xml:44:27-74
77            </intent-filter>
78        </activity-alias>
79        <activity-alias
79-->src\main\AndroidManifest.xml:138:9-150:26
80            android:name="com.personal.timetracker.ui.LauncherH8"
80-->src\main\AndroidManifest.xml:139:13-42
81            android:enabled="false"
81-->src\main\AndroidManifest.xml:140:13-36
82            android:exported="true"
82-->src\main\AndroidManifest.xml:141:13-36
83            android:icon="@mipmap/ic_launcher_h8"
83-->src\main\AndroidManifest.xml:142:13-50
84            android:label="@string/app_name"
84-->src\main\AndroidManifest.xml:144:13-45
85            android:roundIcon="@mipmap/ic_launcher_h8"
85-->src\main\AndroidManifest.xml:143:13-55
86            android:targetActivity="com.personal.timetracker.ui.MainActivity" >
86-->src\main\AndroidManifest.xml:145:13-54
87            <intent-filter>
87-->src\main\AndroidManifest.xml:42:13-45:29
88                <action android:name="android.intent.action.MAIN" />
88-->src\main\AndroidManifest.xml:43:17-69
88-->src\main\AndroidManifest.xml:43:25-66
89
90                <category android:name="android.intent.category.LAUNCHER" />
90-->src\main\AndroidManifest.xml:44:17-77
90-->src\main\AndroidManifest.xml:44:27-74
91            </intent-filter>
92        </activity-alias>
93        <activity-alias
93-->src\main\AndroidManifest.xml:125:9-137:26
94            android:name="com.personal.timetracker.ui.LauncherH7"
94-->src\main\AndroidManifest.xml:126:13-42
95            android:enabled="false"
95-->src\main\AndroidManifest.xml:127:13-36
96            android:exported="true"
96-->src\main\AndroidManifest.xml:128:13-36
97            android:icon="@mipmap/ic_launcher_h7"
97-->src\main\AndroidManifest.xml:129:13-50
98            android:label="@string/app_name"
98-->src\main\AndroidManifest.xml:131:13-45
99            android:roundIcon="@mipmap/ic_launcher_h7"
99-->src\main\AndroidManifest.xml:130:13-55
100            android:targetActivity="com.personal.timetracker.ui.MainActivity" >
100-->src\main\AndroidManifest.xml:132:13-54
101            <intent-filter>
101-->src\main\AndroidManifest.xml:42:13-45:29
102                <action android:name="android.intent.action.MAIN" />
102-->src\main\AndroidManifest.xml:43:17-69
102-->src\main\AndroidManifest.xml:43:25-66
103
104                <category android:name="android.intent.category.LAUNCHER" />
104-->src\main\AndroidManifest.xml:44:17-77
104-->src\main\AndroidManifest.xml:44:27-74
105            </intent-filter>
106        </activity-alias>
107        <activity-alias
107-->src\main\AndroidManifest.xml:112:9-124:26
108            android:name="com.personal.timetracker.ui.LauncherH6"
108-->src\main\AndroidManifest.xml:113:13-42
109            android:enabled="false"
109-->src\main\AndroidManifest.xml:114:13-36
110            android:exported="true"
110-->src\main\AndroidManifest.xml:115:13-36
111            android:icon="@mipmap/ic_launcher_h6"
111-->src\main\AndroidManifest.xml:116:13-50
112            android:label="@string/app_name"
112-->src\main\AndroidManifest.xml:118:13-45
113            android:roundIcon="@mipmap/ic_launcher_h6"
113-->src\main\AndroidManifest.xml:117:13-55
114            android:targetActivity="com.personal.timetracker.ui.MainActivity" >
114-->src\main\AndroidManifest.xml:119:13-54
115            <intent-filter>
115-->src\main\AndroidManifest.xml:42:13-45:29
116                <action android:name="android.intent.action.MAIN" />
116-->src\main\AndroidManifest.xml:43:17-69
116-->src\main\AndroidManifest.xml:43:25-66
117
118                <category android:name="android.intent.category.LAUNCHER" />
118-->src\main\AndroidManifest.xml:44:17-77
118-->src\main\AndroidManifest.xml:44:27-74
119            </intent-filter>
120        </activity-alias>
121        <activity-alias
121-->src\main\AndroidManifest.xml:99:9-111:26
122            android:name="com.personal.timetracker.ui.LauncherH5"
122-->src\main\AndroidManifest.xml:100:13-42
123            android:enabled="false"
123-->src\main\AndroidManifest.xml:101:13-36
124            android:exported="true"
124-->src\main\AndroidManifest.xml:102:13-36
125            android:icon="@mipmap/ic_launcher_h5"
125-->src\main\AndroidManifest.xml:103:13-50
126            android:label="@string/app_name"
126-->src\main\AndroidManifest.xml:105:13-45
127            android:roundIcon="@mipmap/ic_launcher_h5"
127-->src\main\AndroidManifest.xml:104:13-55
128            android:targetActivity="com.personal.timetracker.ui.MainActivity" >
128-->src\main\AndroidManifest.xml:106:13-54
129            <intent-filter>
129-->src\main\AndroidManifest.xml:42:13-45:29
130                <action android:name="android.intent.action.MAIN" />
130-->src\main\AndroidManifest.xml:43:17-69
130-->src\main\AndroidManifest.xml:43:25-66
131
132                <category android:name="android.intent.category.LAUNCHER" />
132-->src\main\AndroidManifest.xml:44:17-77
132-->src\main\AndroidManifest.xml:44:27-74
133            </intent-filter>
134        </activity-alias>
135        <activity-alias
135-->src\main\AndroidManifest.xml:86:9-98:26
136            android:name="com.personal.timetracker.ui.LauncherH4"
136-->src\main\AndroidManifest.xml:87:13-42
137            android:enabled="false"
137-->src\main\AndroidManifest.xml:88:13-36
138            android:exported="true"
138-->src\main\AndroidManifest.xml:89:13-36
139            android:icon="@mipmap/ic_launcher_h4"
139-->src\main\AndroidManifest.xml:90:13-50
140            android:label="@string/app_name"
140-->src\main\AndroidManifest.xml:92:13-45
141            android:roundIcon="@mipmap/ic_launcher_h4"
141-->src\main\AndroidManifest.xml:91:13-55
142            android:targetActivity="com.personal.timetracker.ui.MainActivity" >
142-->src\main\AndroidManifest.xml:93:13-54
143            <intent-filter>
143-->src\main\AndroidManifest.xml:42:13-45:29
144                <action android:name="android.intent.action.MAIN" />
144-->src\main\AndroidManifest.xml:43:17-69
144-->src\main\AndroidManifest.xml:43:25-66
145
146                <category android:name="android.intent.category.LAUNCHER" />
146-->src\main\AndroidManifest.xml:44:17-77
146-->src\main\AndroidManifest.xml:44:27-74
147            </intent-filter>
148        </activity-alias>
149        <activity-alias
149-->src\main\AndroidManifest.xml:73:9-85:26
150            android:name="com.personal.timetracker.ui.LauncherH3"
150-->src\main\AndroidManifest.xml:74:13-42
151            android:enabled="false"
151-->src\main\AndroidManifest.xml:75:13-36
152            android:exported="true"
152-->src\main\AndroidManifest.xml:76:13-36
153            android:icon="@mipmap/ic_launcher_h3"
153-->src\main\AndroidManifest.xml:77:13-50
154            android:label="@string/app_name"
154-->src\main\AndroidManifest.xml:79:13-45
155            android:roundIcon="@mipmap/ic_launcher_h3"
155-->src\main\AndroidManifest.xml:78:13-55
156            android:targetActivity="com.personal.timetracker.ui.MainActivity" >
156-->src\main\AndroidManifest.xml:80:13-54
157            <intent-filter>
157-->src\main\AndroidManifest.xml:42:13-45:29
158                <action android:name="android.intent.action.MAIN" />
158-->src\main\AndroidManifest.xml:43:17-69
158-->src\main\AndroidManifest.xml:43:25-66
159
160                <category android:name="android.intent.category.LAUNCHER" />
160-->src\main\AndroidManifest.xml:44:17-77
160-->src\main\AndroidManifest.xml:44:27-74
161            </intent-filter>
162        </activity-alias>
163        <activity-alias
163-->src\main\AndroidManifest.xml:60:9-72:26
164            android:name="com.personal.timetracker.ui.LauncherH2"
164-->src\main\AndroidManifest.xml:61:13-42
165            android:enabled="false"
165-->src\main\AndroidManifest.xml:62:13-36
166            android:exported="true"
166-->src\main\AndroidManifest.xml:63:13-36
167            android:icon="@mipmap/ic_launcher_h2"
167-->src\main\AndroidManifest.xml:64:13-50
168            android:label="@string/app_name"
168-->src\main\AndroidManifest.xml:66:13-45
169            android:roundIcon="@mipmap/ic_launcher_h2"
169-->src\main\AndroidManifest.xml:65:13-55
170            android:targetActivity="com.personal.timetracker.ui.MainActivity" >
170-->src\main\AndroidManifest.xml:67:13-54
171            <intent-filter>
171-->src\main\AndroidManifest.xml:42:13-45:29
172                <action android:name="android.intent.action.MAIN" />
172-->src\main\AndroidManifest.xml:43:17-69
172-->src\main\AndroidManifest.xml:43:25-66
173
174                <category android:name="android.intent.category.LAUNCHER" />
174-->src\main\AndroidManifest.xml:44:17-77
174-->src\main\AndroidManifest.xml:44:27-74
175            </intent-filter>
176        </activity-alias>
177        <activity-alias
177-->src\main\AndroidManifest.xml:47:9-59:26
178            android:name="com.personal.timetracker.ui.LauncherH1"
178-->src\main\AndroidManifest.xml:48:13-42
179            android:enabled="false"
179-->src\main\AndroidManifest.xml:49:13-36
180            android:exported="true"
180-->src\main\AndroidManifest.xml:50:13-36
181            android:icon="@mipmap/ic_launcher_h1"
181-->src\main\AndroidManifest.xml:51:13-50
182            android:label="@string/app_name"
182-->src\main\AndroidManifest.xml:53:13-45
183            android:roundIcon="@mipmap/ic_launcher_h1"
183-->src\main\AndroidManifest.xml:52:13-55
184            android:targetActivity="com.personal.timetracker.ui.MainActivity" >
184-->src\main\AndroidManifest.xml:54:13-54
185            <intent-filter>
185-->src\main\AndroidManifest.xml:42:13-45:29
186                <action android:name="android.intent.action.MAIN" />
186-->src\main\AndroidManifest.xml:43:17-69
186-->src\main\AndroidManifest.xml:43:25-66
187
188                <category android:name="android.intent.category.LAUNCHER" />
188-->src\main\AndroidManifest.xml:44:17-77
188-->src\main\AndroidManifest.xml:44:27-74
189            </intent-filter>
190        </activity-alias>
191        <activity-alias
191-->src\main\AndroidManifest.xml:34:9-46:26
192            android:name="com.personal.timetracker.ui.LauncherH0"
192-->src\main\AndroidManifest.xml:35:13-42
193            android:enabled="true"
193-->src\main\AndroidManifest.xml:36:13-35
194            android:exported="true"
194-->src\main\AndroidManifest.xml:37:13-36
195            android:icon="@mipmap/ic_launcher_h0"
195-->src\main\AndroidManifest.xml:38:13-50
196            android:label="@string/app_name"
196-->src\main\AndroidManifest.xml:40:13-45
197            android:roundIcon="@mipmap/ic_launcher_h0"
197-->src\main\AndroidManifest.xml:39:13-55
198            android:targetActivity="com.personal.timetracker.ui.MainActivity" >
198-->src\main\AndroidManifest.xml:41:13-54
199            <intent-filter>
199-->src\main\AndroidManifest.xml:42:13-45:29
200                <action android:name="android.intent.action.MAIN" />
200-->src\main\AndroidManifest.xml:43:17-69
200-->src\main\AndroidManifest.xml:43:25-66
201
202                <category android:name="android.intent.category.LAUNCHER" />
202-->src\main\AndroidManifest.xml:44:17-77
202-->src\main\AndroidManifest.xml:44:27-74
203            </intent-filter>
204        </activity-alias>
205
206        <receiver
206-->src\main\AndroidManifest.xml:178:9-180:40
207            android:name="com.personal.timetracker.util.WorkEndReceiver"
207-->src\main\AndroidManifest.xml:179:13-49
208            android:exported="false" />
208-->src\main\AndroidManifest.xml:180:13-37
209        <receiver
209-->src\main\AndroidManifest.xml:182:9-189:20
210            android:name="com.personal.timetracker.util.BootReceiver"
210-->src\main\AndroidManifest.xml:183:13-46
211            android:exported="true" >
211-->src\main\AndroidManifest.xml:184:13-36
212            <intent-filter>
212-->src\main\AndroidManifest.xml:185:13-188:29
213                <action android:name="android.intent.action.BOOT_COMPLETED" />
213-->src\main\AndroidManifest.xml:186:17-79
213-->src\main\AndroidManifest.xml:186:25-76
214                <action android:name="android.intent.action.MY_PACKAGE_REPLACED" />
214-->src\main\AndroidManifest.xml:187:17-84
214-->src\main\AndroidManifest.xml:187:25-81
215            </intent-filter>
216        </receiver>
217        <receiver
217-->src\main\AndroidManifest.xml:191:9-201:20
218            android:name="com.personal.timetracker.widget.WorkWidgetProvider"
218-->src\main\AndroidManifest.xml:192:13-54
219            android:exported="true"
219-->src\main\AndroidManifest.xml:193:13-36
220            android:label="@string/widget_work_desc" >
220-->src\main\AndroidManifest.xml:194:13-53
221            <intent-filter>
221-->src\main\AndroidManifest.xml:195:13-197:29
222                <action android:name="android.appwidget.action.APPWIDGET_UPDATE" />
222-->src\main\AndroidManifest.xml:196:17-84
222-->src\main\AndroidManifest.xml:196:25-81
223            </intent-filter>
224
225            <meta-data
225-->src\main\AndroidManifest.xml:198:13-200:60
226                android:name="android.appwidget.provider"
226-->src\main\AndroidManifest.xml:199:17-58
227                android:resource="@xml/widget_work_info" />
227-->src\main\AndroidManifest.xml:200:17-57
228        </receiver>
229        <receiver
229-->src\main\AndroidManifest.xml:203:9-213:20
230            android:name="com.personal.timetracker.widget.IconHoursWidgetProvider"
230-->src\main\AndroidManifest.xml:204:13-59
231            android:exported="true"
231-->src\main\AndroidManifest.xml:205:13-36
232            android:label="@string/widget_hours_desc" >
232-->src\main\AndroidManifest.xml:206:13-54
233            <intent-filter>
233-->src\main\AndroidManifest.xml:195:13-197:29
234                <action android:name="android.appwidget.action.APPWIDGET_UPDATE" />
234-->src\main\AndroidManifest.xml:196:17-84
234-->src\main\AndroidManifest.xml:196:25-81
235            </intent-filter>
236
237            <meta-data
237-->src\main\AndroidManifest.xml:198:13-200:60
238                android:name="android.appwidget.provider"
238-->src\main\AndroidManifest.xml:199:17-58
239                android:resource="@xml/widget_icon_hours_info" />
239-->src\main\AndroidManifest.xml:200:17-57
240        </receiver>
241
242        <provider
243            android:name="androidx.core.content.FileProvider"
243-->src\main\AndroidManifest.xml:216:13-62
244            android:authorities="com.personal.timetracker.fileprovider"
244-->src\main\AndroidManifest.xml:217:13-64
245            android:exported="false"
245-->src\main\AndroidManifest.xml:218:13-37
246            android:grantUriPermissions="true" >
246-->src\main\AndroidManifest.xml:219:13-47
247            <meta-data
247-->src\main\AndroidManifest.xml:220:13-222:54
248                android:name="android.support.FILE_PROVIDER_PATHS"
248-->src\main\AndroidManifest.xml:221:17-67
249                android:resource="@xml/file_paths" />
249-->src\main\AndroidManifest.xml:222:17-51
250        </provider>
251        <provider
251-->[androidx.emoji2:emoji2:1.3.0] AndroidManifest.xml:24:9-32:20
252            android:name="androidx.startup.InitializationProvider"
252-->[androidx.emoji2:emoji2:1.3.0] AndroidManifest.xml:25:13-67
253            android:authorities="com.personal.timetracker.androidx-startup"
253-->[androidx.emoji2:emoji2:1.3.0] AndroidManifest.xml:26:13-68
254            android:exported="false" >
254-->[androidx.emoji2:emoji2:1.3.0] AndroidManifest.xml:27:13-37
255            <meta-data
255-->[androidx.emoji2:emoji2:1.3.0] AndroidManifest.xml:29:13-31:52
256                android:name="androidx.emoji2.text.EmojiCompatInitializer"
256-->[androidx.emoji2:emoji2:1.3.0] AndroidManifest.xml:30:17-75
257                android:value="androidx.startup" />
257-->[androidx.emoji2:emoji2:1.3.0] AndroidManifest.xml:31:17-49
258            <meta-data
258-->[androidx.work:work-runtime:2.9.0] AndroidManifest.xml:34:13-36:52
259                android:name="androidx.work.WorkManagerInitializer"
259-->[androidx.work:work-runtime:2.9.0] AndroidManifest.xml:35:17-68
260                android:value="androidx.startup" />
260-->[androidx.work:work-runtime:2.9.0] AndroidManifest.xml:36:17-49
261            <meta-data
261-->[androidx.lifecycle:lifecycle-process:2.8.3] AndroidManifest.xml:29:13-31:52
262                android:name="androidx.lifecycle.ProcessLifecycleInitializer"
262-->[androidx.lifecycle:lifecycle-process:2.8.3] AndroidManifest.xml:30:17-78
263                android:value="androidx.startup" />
263-->[androidx.lifecycle:lifecycle-process:2.8.3] AndroidManifest.xml:31:17-49
264            <meta-data
264-->[androidx.profileinstaller:profileinstaller:1.3.1] AndroidManifest.xml:29:13-31:52
265                android:name="androidx.profileinstaller.ProfileInstallerInitializer"
265-->[androidx.profileinstaller:profileinstaller:1.3.1] AndroidManifest.xml:30:17-85
266                android:value="androidx.startup" />
266-->[androidx.profileinstaller:profileinstaller:1.3.1] AndroidManifest.xml:31:17-49
267        </provider>
268
269        <service
269-->[androidx.work:work-runtime:2.9.0] AndroidManifest.xml:39:9-45:35
270            android:name="androidx.work.impl.background.systemalarm.SystemAlarmService"
270-->[androidx.work:work-runtime:2.9.0] AndroidManifest.xml:40:13-88
271            android:directBootAware="false"
271-->[androidx.work:work-runtime:2.9.0] AndroidManifest.xml:41:13-44
272            android:enabled="@bool/enable_system_alarm_service_default"
272-->[androidx.work:work-runtime:2.9.0] AndroidManifest.xml:42:13-72
273            android:exported="false" />
273-->[androidx.work:work-runtime:2.9.0] AndroidManifest.xml:43:13-37
274        <service
274-->[androidx.work:work-runtime:2.9.0] AndroidManifest.xml:46:9-52:35
275            android:name="androidx.work.impl.background.systemjob.SystemJobService"
275-->[androidx.work:work-runtime:2.9.0] AndroidManifest.xml:47:13-84
276            android:directBootAware="false"
276-->[androidx.work:work-runtime:2.9.0] AndroidManifest.xml:48:13-44
277            android:enabled="@bool/enable_system_job_service_default"
277-->[androidx.work:work-runtime:2.9.0] AndroidManifest.xml:49:13-70
278            android:exported="true"
278-->[androidx.work:work-runtime:2.9.0] AndroidManifest.xml:50:13-36
279            android:permission="android.permission.BIND_JOB_SERVICE" />
279-->[androidx.work:work-runtime:2.9.0] AndroidManifest.xml:51:13-69
280        <service
280-->[androidx.work:work-runtime:2.9.0] AndroidManifest.xml:53:9-59:35
281            android:name="androidx.work.impl.foreground.SystemForegroundService"
281-->[androidx.work:work-runtime:2.9.0] AndroidManifest.xml:54:13-81
282            android:directBootAware="false"
282-->[androidx.work:work-runtime:2.9.0] AndroidManifest.xml:55:13-44
283            android:enabled="@bool/enable_system_foreground_service_default"
283-->[androidx.work:work-runtime:2.9.0] AndroidManifest.xml:56:13-77
284            android:exported="false" />
284-->[androidx.work:work-runtime:2.9.0] AndroidManifest.xml:57:13-37
285
286        <receiver
286-->[androidx.work:work-runtime:2.9.0] AndroidManifest.xml:61:9-66:35
287            android:name="androidx.work.impl.utils.ForceStopRunnable$BroadcastReceiver"
287-->[androidx.work:work-runtime:2.9.0] AndroidManifest.xml:62:13-88
288            android:directBootAware="false"
288-->[androidx.work:work-runtime:2.9.0] AndroidManifest.xml:63:13-44
289            android:enabled="true"
289-->[androidx.work:work-runtime:2.9.0] AndroidManifest.xml:64:13-35
290            android:exported="false" />
290-->[androidx.work:work-runtime:2.9.0] AndroidManifest.xml:65:13-37
291        <receiver
291-->[androidx.work:work-runtime:2.9.0] AndroidManifest.xml:67:9-77:20
292            android:name="androidx.work.impl.background.systemalarm.ConstraintProxy$BatteryChargingProxy"
292-->[androidx.work:work-runtime:2.9.0] AndroidManifest.xml:68:13-106
293            android:directBootAware="false"
293-->[androidx.work:work-runtime:2.9.0] AndroidManifest.xml:69:13-44
294            android:enabled="false"
294-->[androidx.work:work-runtime:2.9.0] AndroidManifest.xml:70:13-36
295            android:exported="false" >
295-->[androidx.work:work-runtime:2.9.0] AndroidManifest.xml:71:13-37
296            <intent-filter>
296-->[androidx.work:work-runtime:2.9.0] AndroidManifest.xml:73:13-76:29
297                <action android:name="android.intent.action.ACTION_POWER_CONNECTED" />
297-->[androidx.work:work-runtime:2.9.0] AndroidManifest.xml:74:17-87
297-->[androidx.work:work-runtime:2.9.0] AndroidManifest.xml:74:25-84
298                <action android:name="android.intent.action.ACTION_POWER_DISCONNECTED" />
298-->[androidx.work:work-runtime:2.9.0] AndroidManifest.xml:75:17-90
298-->[androidx.work:work-runtime:2.9.0] AndroidManifest.xml:75:25-87
299            </intent-filter>
300        </receiver>
301        <receiver
301-->[androidx.work:work-runtime:2.9.0] AndroidManifest.xml:78:9-88:20
302            android:name="androidx.work.impl.background.systemalarm.ConstraintProxy$BatteryNotLowProxy"
302-->[androidx.work:work-runtime:2.9.0] AndroidManifest.xml:79:13-104
303            android:directBootAware="false"
303-->[androidx.work:work-runtime:2.9.0] AndroidManifest.xml:80:13-44
304            android:enabled="false"
304-->[androidx.work:work-runtime:2.9.0] AndroidManifest.xml:81:13-36
305            android:exported="false" >
305-->[androidx.work:work-runtime:2.9.0] AndroidManifest.xml:82:13-37
306            <intent-filter>
306-->[androidx.work:work-runtime:2.9.0] AndroidManifest.xml:84:13-87:29
307                <action android:name="android.intent.action.BATTERY_OKAY" />
307-->[androidx.work:work-runtime:2.9.0] AndroidManifest.xml:85:17-77
307-->[androidx.work:work-runtime:2.9.0] AndroidManifest.xml:85:25-74
308                <action android:name="android.intent.action.BATTERY_LOW" />
308-->[androidx.work:work-runtime:2.9.0] AndroidManifest.xml:86:17-76
308-->[androidx.work:work-runtime:2.9.0] AndroidManifest.xml:86:25-73
309            </intent-filter>
310        </receiver>
311        <receiver
311-->[androidx.work:work-runtime:2.9.0] AndroidManifest.xml:89:9-99:20
312            android:name="androidx.work.impl.background.systemalarm.ConstraintProxy$StorageNotLowProxy"
312-->[androidx.work:work-runtime:2.9.0] AndroidManifest.xml:90:13-104
313            android:directBootAware="false"
313-->[androidx.work:work-runtime:2.9.0] AndroidManifest.xml:91:13-44
314            android:enabled="false"
314-->[androidx.work:work-runtime:2.9.0] AndroidManifest.xml:92:13-36
315            android:exported="false" >
315-->[androidx.work:work-runtime:2.9.0] AndroidManifest.xml:93:13-37
316            <intent-filter>
316-->[androidx.work:work-runtime:2.9.0] AndroidManifest.xml:95:13-98:29